     1 00000000                                 ; hello-os
     2 00000000                                 ; TAB=4
     3 00000000                                 
     4                                          		ORG		0x7c00			; このプログラムがどこに読み込まれるのか
     5 00007C00                                 
     6 00007C00                                 ; 以下は標準的なFAT12フォーマットフロッピーディスクのための記述
     7 00007C00                                 
     8 00007C00 EB 4E                           		JMP		entry
     9 00007C02 90                              		DB		0x90
    10 00007C03 48 45 4C 4C 4F 49 50 4C         		DB		"HELLOIPL"		; ブートセクタの名前を自由に書いてよい（8バイト）
    11 00007C0B 0200                            		DW		512				; 1セクタの大きさ（512にしなければいけない）
    12 00007C0D 01                              		DB		1				; クラスタの大きさ（1セクタにしなければいけない）
    13 00007C0E 0001                            		DW		1				; FATがどこから始まるか（普通は1セクタ目からにする）
    14 00007C10 02                              		DB		2				; FATの個数（2にしなければいけない）
    15 00007C11 00E0                            		DW		224				; ルートディレクトリ領域の大きさ（普通は224エントリにする）
    16 00007C13 0B40                            		DW		2880			; このドライブの大きさ（2880セクタにしなければいけない）
    17 00007C15 F0                              		DB		0xf0			; メディアのタイプ（0xf0にしなければいけない）
    18 00007C16 0009                            		DW		9				; FAT領域の長さ（9セクタにしなければいけない）
    19 00007C18 0012                            		DW		18				; 1トラックにいくつのセクタがあるか（18にしなければいけない）
    20 00007C1A 0002                            		DW		2				; ヘッドの数（2にしなければいけない）
    21 00007C1C 00000000                        		DD		0				; パーティションを使ってないのでここは必ず0
    22 00007C20 00000B40                        		DD		2880			; このドライブ大きさをもう一度書く
    23 00007C24 00 00 29                        		DB		0,0,0x29		; よくわからないけどこの値にしておくといいらしい
    24 00007C27 FFFFFFFF                        		DD		0xffffffff		; たぶんボリュームシリアル番号
    25 00007C2B 48 45 4C 4C 4F 2D 4F 53 20 20   		DB		"HELLO-OS   "	; ディスクの名前（11バイト）
       00007C35 20 
    26 00007C36 46 41 54 31 32 20 20 20         		DB		"FAT12   "		; フォーマットの名前（8バイト）
    27 00007C3E 00 00 00 00 00 00 00 00 00 00   		RESB	18				; とりあえず18バイトあけておく
       00007C48 00 00 00 00 00 00 00 00 
    28 00007C50                                 
    29 00007C50                                 ; プログラム本体
    30 00007C50                                 
    31 00007C50                                 entry:
    32 00007C50 B8 0000                         		MOV		AX,0			; レジスタ初期化
    33 00007C53 8E D0                           		MOV		SS,AX
    34 00007C55 BC 7C00                         		MOV		SP,0x7c00
    35 00007C58 8E D8                           		MOV		DS,AX
    36 00007C5A 89 C1                           		MOV		CX,AX
    37 00007C5C 8E C0                           		MOV		ES,AX
    38 00007C5E BE 7C83                         		MOV		SI,msg
    39 00007C61                                 putloop:
    40 00007C61 8A 04                           		MOV		AL,[SI]
    41 00007C63 83 C6 01                        		ADD		SI,1			; SIに1を足す
    42 00007C66 3C 00                           		CMP		AL,0
    43 00007C68                                 		;JE		rep	
    44 00007C68 74 16                           		JE		fin	
    45 00007C6A B4 0E                           		MOV		AH,0x0e			; 一文字表示ファンクション
    46 00007C6C BB 000F                         		MOV		BX,15			; カラーコード
    47 00007C6F CD 10                           		INT		0x10			; ビデオBIOS呼び出し
    48 00007C71 EB EE                           		JMP		putloop
    49 00007C73                                 rep:
    50 00007C73 83 C1 01                        		ADD		CX,1
    51 00007C76 83 F9 05                        		CMP		CX,5
    52 00007C79 74 05                           		JE		fin
    53 00007C7B BE 7C83                         		MOV 	SI,msg
    54 00007C7E EB E1                           		JMP		putloop
    55 00007C80                                 fin:
    56 00007C80 F4                              		HLT						; 何かあるまでCPUを停止させる
    57 00007C81 EB FD                           		JMP		fin				; 無限ループ
    58 00007C83                                 
    59 00007C83                                 msg:
    60 00007C83 0A 0A                           		DB		0x0a, 0x0a		; 改行を2つ
    61 00007C85 68 65 6C 6C 6F 2C 20 77 6F 72   		DB		"hello, world"
       00007C8F 6C 64 
    62 00007C91 0A                              		DB		0x0a			; 改行
    63 00007C92 00                              		DB		0
    64 00007C93                                 
    65 00007C93 00 00 00 00 00 00 00 00 00 00   		RESB	0x7dfe-$		; 0x7dfeまでを0x00で埋める命令
       00007C9D 00 00 00 00 00 00 00 00 00 00 
       00007CA7 00 00 00 00 00 00 00 00 00 00 
       00007CB1 00 00 00 00 00 00 00 00 00 00 
       00007CBB 00 00 00 00 00 00 00 00 00 00 
       00007CC5 00 00 00 00 00 00 00 00 00 00 
       00007CCF 00 00 00 00 00 00 00 00 00 00 
       00007CD9 00 00 00 00 00 00 00 00 00 00 
       00007CE3 00 00 00 00 00 00 00 00 00 00 
       00007CED 00 00 00 00 00 00 00 00 00 00 
       00007CF7 00 00 00 00 00 00 00 00 00 00 
       00007D01 00 00 00 00 00 00 00 00 00 00 
       00007D0B 00 00 00 00 00 00 00 00 00 00 
       00007D15 00 00 00 00 00 00 00 00 00 00 
       00007D1F 00 00 00 00 00 00 00 00 00 00 
       00007D29 00 00 00 00 00 00 00 00 00 00 
       00007D33 00 00 00 00 00 00 00 00 00 00 
       00007D3D 00 00 00 00 00 00 00 00 00 00 
       00007D47 00 00 00 00 00 00 00 00 00 00 
       00007D51 00 00 00 00 00 00 00 00 00 00 
       00007D5B 00 00 00 00 00 00 00 00 00 00 
       00007D65 00 00 00 00 00 00 00 00 00 00 
       00007D6F 00 00 00 00 00 00 00 00 00 00 
       00007D79 00 00 00 00 00 00 00 00 00 00 
       00007D83 00 00 00 00 00 00 00 00 00 00 
       00007D8D 00 00 00 00 00 00 00 00 00 00 
       00007D97 00 00 00 00 00 00 00 00 00 00 
       00007DA1 00 00 00 00 00 00 00 00 00 00 
       00007DAB 00 00 00 00 00 00 00 00 00 00 
       00007DB5 00 00 00 00 00 00 00 00 00 00 
       00007DBF 00 00 00 00 00 00 00 00 00 00 
       00007DC9 00 00 00 00 00 00 00 00 00 00 
       00007DD3 00 00 00 00 00 00 00 00 00 00 
       00007DDD 00 00 00 00 00 00 00 00 00 00 
       00007DE7 00 00 00 00 00 00 00 00 00 00 
       00007DF1 00 00 00 00 00 00 00 00 00 00 
       00007DFB 00 00 00 
    66 00007DFE                                 
    67 00007DFE 55 AA                           		DB		0x55, 0xaa
    68 00007E00                                 
